<?xml version="1.0" encoding="UTF-8"?>
<!-- Generated by org.testng.reporters.JUnitXMLReporter -->
<testsuite hostname="Sibusisos-MBP" name="FireFox" tests="5" failures="0" timestamp="22 Jul 2021 07:50:38 GMT" time="55.432" errors="0">
  <testcase name="scenario" time="11.501" classname="inspiredtesting.web.tests.WebTestRunner"/>
  <testcase name="scenario" time="10.723" classname="inspiredtesting.web.tests.WebTestRunner"/>
  <testcase name="scenario" time="10.24" classname="inspiredtesting.web.tests.WebTestRunner"/>
  <testcase name="scenario" time="10.071" classname="inspiredtesting.web.tests.WebTestRunner"/>
  <testcase name="scenario" time="11.928" classname="inspiredtesting.web.tests.WebTestRunner"/>
</testsuite> <!-- FireFox -->
