<?xml version="1.0" encoding="UTF-8"?>
<!-- Generated by org.testng.reporters.JUnitXMLReporter -->
<testsuite hostname="Sibusisos-MBP" name="FireFox" tests="5" failures="0" timestamp="22 Jul 2021 07:57:37 GMT" time="56.164" errors="0">
  <testcase name="scenario" time="10.876" classname="inspiredtesting.web.tests.WebTestRunner"/>
  <testcase name="scenario" time="10.375" classname="inspiredtesting.web.tests.WebTestRunner"/>
  <testcase name="scenario" time="10.607" classname="inspiredtesting.web.tests.WebTestRunner"/>
  <testcase name="scenario" time="10.144" classname="inspiredtesting.web.tests.WebTestRunner"/>
  <testcase name="scenario" time="13.064" classname="inspiredtesting.web.tests.WebTestRunner"/>
</testsuite> <!-- FireFox -->
