<?xml version="1.0" encoding="UTF-8"?>
<!-- Generated by org.testng.reporters.JUnitXMLReporter -->
<testsuite hostname="Digitals-MBP" failures="0" tests="5" name="Regression" time="253.482" errors="0" timestamp="28 Jul 2021 06:46:35 GMT">
  <testcase classname="inspiredtesting.web.tests.WebTestRunner" name="scenario" time="180.129"/>
  <testcase classname="inspiredtesting.web.tests.WebTestRunner" name="scenario" time="23.988"/>
  <testcase classname="inspiredtesting.web.tests.WebTestRunner" name="scenario" time="16.346"/>
  <testcase classname="inspiredtesting.web.tests.WebTestRunner" name="scenario" time="13.065"/>
  <testcase classname="inspiredtesting.web.tests.WebTestRunner" name="scenario" time="15.711"/>
</testsuite> <!-- Regression -->
