<?xml version="1.0" encoding="UTF-8"?>
<testsuite xmlns:xsi="http://www.w3.org/2001/XMLSchema-instance" xsi:noNamespaceSchemaLocation="https://maven.apache.org/surefire/maven-surefire-plugin/xsd/surefire-test-report-3.0.xsd" version="3.0" name="TestSuite" time="55.669" tests="5" errors="0" skipped="0" failures="0">
  <properties>
[...]
</properties>
  <testcase name="scenario" classname="inspiredtesting.web.tests.WebTestRunner" time="11.502"/>
  <testcase name="scenario" classname="inspiredtesting.web.tests.WebTestRunner" time="10.722"/>
  <testcase name="scenario" classname="inspiredtesting.web.tests.WebTestRunner" time="10.24"/>
  <testcase name="scenario" classname="inspiredtesting.web.tests.WebTestRunner" time="10.071"/>
  <testcase name="scenario" classname="inspiredtesting.web.tests.WebTestRunner" time="11.929"/>
</testsuite>