<?xml version="1.0" encoding="UTF-8"?>
<testng-results skipped="0" failed="0" total="5" passed="5">
  <reporter-output>
  </reporter-output>
  <suite name="Regression" duration-ms="56164" started-at="2021-07-22T07:56:41Z" finished-at="2021-07-22T07:57:37Z">
    <groups>
      <group name="cucumber scenarios">
        <method signature="WebTestRunner.scenario(io.cucumber.testng.PickleWrapper, io.cucumber.testng.FeatureWrapper)[pri:0, instance:inspiredtesting.web.tests.WebTestRunner@32709393]" name="scenario" class="inspiredtesting.web.tests.WebTestRunner"/>
      </group> <!-- cucumber scenarios -->
    </groups>
    <test name="FireFox" duration-ms="56164" started-at="2021-07-22T07:56:41Z" finished-at="2021-07-22T07:57:37Z">
      <class name="inspiredtesting.web.tests.WebTestRunner">
        <test-method status="PASS" signature="setTestNGProperties(java.lang.String, java.lang.String, java.lang.String)[pri:0, instance:inspiredtesting.web.tests.WebTestRunner@32709393]" name="setTestNGProperties" is-config="true" duration-ms="10" started-at="2021-07-22T10:56:41Z" finished-at="2021-07-22T10:56:41Z">
          <params>
            <param index="0">
              <value>
                <![CDATA[83.0.4103.61]]>
              </value>
            </param>
            <param index="1">
              <value>
                <![CDATA[chrome]]>
              </value>
            </param>
            <param index="2">
              <value>
                <![CDATA[local]]>
              </value>
            </param>
          </params>
          <reporter-output>
          </reporter-output>
        </test-method> <!-- setTestNGProperties -->
        <test-method status="PASS" signature="setUpClass()[pri:0, instance:inspiredtesting.web.tests.WebTestRunner@32709393]" name="setUpClass" is-config="true" duration-ms="502" started-at="2021-07-22T10:56:41Z" finished-at="2021-07-22T10:56:42Z">
          <reporter-output>
          </reporter-output>
        </test-method> <!-- setUpClass -->
        <test-method status="PASS" signature="scenario(io.cucumber.testng.PickleWrapper, io.cucumber.testng.FeatureWrapper)[pri:0, instance:inspiredtesting.web.tests.WebTestRunner@32709393]" name="scenario" duration-ms="10876" started-at="2021-07-22T10:56:42Z" description="Runs Cucumber Scenarios" data-provider="scenarios" finished-at="2021-07-22T10:56:53Z">
          <params>
            <param index="0">
              <value>
                <![CDATA["As a user I want to be able to deposit funds on the first account"]]>
              </value>
            </param>
            <param index="1">
              <value>
                <![CDATA["Optional[Deposit]"]]>
              </value>
            </param>
          </params>
          <reporter-output>
          </reporter-output>
        </test-method> <!-- scenario -->
        <test-method status="PASS" signature="scenario(io.cucumber.testng.PickleWrapper, io.cucumber.testng.FeatureWrapper)[pri:0, instance:inspiredtesting.web.tests.WebTestRunner@32709393]" name="scenario" duration-ms="10375" started-at="2021-07-22T10:56:53Z" description="Runs Cucumber Scenarios" data-provider="scenarios" finished-at="2021-07-22T10:57:03Z">
          <params>
            <param index="0">
              <value>
                <![CDATA["As a user I want to be able to deposit funds on multiple accounts"]]>
              </value>
            </param>
            <param index="1">
              <value>
                <![CDATA["Optional[Deposit]"]]>
              </value>
            </param>
          </params>
          <reporter-output>
          </reporter-output>
        </test-method> <!-- scenario -->
        <test-method status="PASS" signature="scenario(io.cucumber.testng.PickleWrapper, io.cucumber.testng.FeatureWrapper)[pri:0, instance:inspiredtesting.web.tests.WebTestRunner@32709393]" name="scenario" duration-ms="10607" started-at="2021-07-22T10:57:03Z" description="Runs Cucumber Scenarios" data-provider="scenarios" finished-at="2021-07-22T10:57:14Z">
          <params>
            <param index="0">
              <value>
                <![CDATA["As a user I want to be able to deposit funds on multiple accounts"]]>
              </value>
            </param>
            <param index="1">
              <value>
                <![CDATA["Optional[Deposit]"]]>
              </value>
            </param>
          </params>
          <reporter-output>
          </reporter-output>
        </test-method> <!-- scenario -->
        <test-method status="PASS" signature="scenario(io.cucumber.testng.PickleWrapper, io.cucumber.testng.FeatureWrapper)[pri:0, instance:inspiredtesting.web.tests.WebTestRunner@32709393]" name="scenario" duration-ms="10144" started-at="2021-07-22T10:57:14Z" description="Runs Cucumber Scenarios" data-provider="scenarios" finished-at="2021-07-22T10:57:24Z">
          <params>
            <param index="0">
              <value>
                <![CDATA["As a user I want to be able to deposit funds on multiple accounts"]]>
              </value>
            </param>
            <param index="1">
              <value>
                <![CDATA["Optional[Deposit]"]]>
              </value>
            </param>
          </params>
          <reporter-output>
          </reporter-output>
        </test-method> <!-- scenario -->
        <test-method status="PASS" signature="scenario(io.cucumber.testng.PickleWrapper, io.cucumber.testng.FeatureWrapper)[pri:0, instance:inspiredtesting.web.tests.WebTestRunner@32709393]" name="scenario" duration-ms="13064" started-at="2021-07-22T10:57:24Z" description="Runs Cucumber Scenarios" data-provider="scenarios" finished-at="2021-07-22T10:57:37Z">
          <params>
            <param index="0">
              <value>
                <![CDATA["As a user I want to be able to deposit funds and validate the deposit"]]>
              </value>
            </param>
            <param index="1">
              <value>
                <![CDATA["Optional[Transactions]"]]>
              </value>
            </param>
          </params>
          <reporter-output>
          </reporter-output>
        </test-method> <!-- scenario -->
        <test-method status="PASS" signature="tearDownClass()[pri:0, instance:inspiredtesting.web.tests.WebTestRunner@32709393]" name="tearDownClass" is-config="true" duration-ms="576" started-at="2021-07-22T10:57:37Z" finished-at="2021-07-22T10:57:37Z">
          <reporter-output>
          </reporter-output>
        </test-method> <!-- tearDownClass -->
        <test-method status="PASS" signature="quitDriver()[pri:0, instance:inspiredtesting.web.tests.WebTestRunner@32709393]" name="quitDriver" is-config="true" duration-ms="1" started-at="2021-07-22T10:57:37Z" finished-at="2021-07-22T10:57:37Z">
          <reporter-output>
          </reporter-output>
        </test-method> <!-- quitDriver -->
      </class> <!-- inspiredtesting.web.tests.WebTestRunner -->
    </test> <!-- FireFox -->
  </suite> <!-- Regression -->
</testng-results>
