-------------------------------------------------------------------------------
Test set: TestSuite
-------------------------------------------------------------------------------
Tests run: 3, Failures: 1, Errors: 0, Skipped: 0, Time elapsed: 6.95 s <<< FAILURE! - in TestSuite
inspiredtesting.services.TestRunner.scenario  Time elapsed: 3.392 s  <<< FAILURE!
java.lang.AssertionError: expected [203] but found [500]

