<?xml version="1.0" encoding="UTF-8"?>
<testsuite xmlns:xsi="http://www.w3.org/2001/XMLSchema-instance" xsi:noNamespaceSchemaLocation="https://maven.apache.org/surefire/maven-surefire-plugin/xsd/surefire-test-report-3.0.xsd" version="3.0" name="TestSuite" time="6.208" tests="3" errors="0" skipped="0" failures="1">
  <properties>
[...]
</properties>
  <testcase name="scenario" classname="inspiredtesting.services.TestRunner" time="2.866">
    <failure message="expected [203] but found [500]" type="java.lang.AssertionError"><![CDATA[java.lang.AssertionError: expected [203] but found [500]
]]></failure>
    <system-out><![CDATA[
@Dev
Scenario: I post a new user to the typicode       &amp#27;[90m# src/test/resources/features/Users.feature:5&amp#27;[0m
16:10:33.569 [main] INFO inspiredtesting.services.Hooks - Running scenario  I post a new user to the typicode 
16:10:33.987 [main] DEBUG inspiredtesting.services.stepdefs.APIStepDefs - Using test data {
  id: 981,
  title: 'foo',
  body: 'bar',
  userId: 981
}
<html>
  <body>
SyntaxError: Unexpected token i in JSON at position 4
    at JSON.parse (    <anonymous>)
    at parse (/app/node_modules/body-parser/lib/types/json.js:89:19)
    at /app/node_modules/body-parser/lib/read.js:121:18
    at invokeCallback (/app/node_modules/body-parser/node_modules/raw-body/index.js:224:16)
    at done (/app/node_modules/body-parser/node_modules/raw-body/index.js:213:7)
    at IncomingMessage.onEnd (/app/node_modules/body-parser/node_modules/raw-body/index.js:273:7)
    at IncomingMessage.emit (events.js:387:35)
    at endReadableNT (internal/streams/readable.js:1317:12)
    at processTicksAndRejections (internal/process/task_queues.js:82:21)</anonymous>
  </body>
</html>
16:10:36.298 [main] DEBUG inspiredtesting.services.stepdefs.APIStepDefs - <html>
  <body>
SyntaxError: Unexpected token i in JSON at position 4
    at JSON.parse (    <anonymous>)
    at parse (/app/node_modules/body-parser/lib/types/json.js:89:19)
    at /app/node_modules/body-parser/lib/read.js:121:18
    at invokeCallback (/app/node_modules/body-parser/node_modules/raw-body/index.js:224:16)
    at done (/app/node_modules/body-parser/node_modules/raw-body/index.js:213:7)
    at IncomingMessage.onEnd (/app/node_modules/body-parser/node_modules/raw-body/index.js:273:7)
    at IncomingMessage.emit (events.js:387:35)
    at endReadableNT (internal/streams/readable.js:1317:12)
    at processTicksAndRejections (internal/process/task_queues.js:82:21)</anonymous>
  </body>
</html>
  &amp#27;[32mGiven &amp#27;[0m&amp#27;[32mI POST a new user&amp#27;[0m                         &amp#27;[90m# inspiredtesting.services.stepdefs.APIStepDefs.iPOSTANewUser()&amp#27;[0m
  &amp#27;[31mThen &amp#27;[0m&amp#27;[31mI receive a valid HTTP response code &amp#27;[0m&amp#27;[31m&amp#27;[1m"203"&amp#27;[0m &amp#27;[90m# inspiredtesting.services.stepdefs.APIStepDefs.iReceiveAValidHTTPResponseCode(java.lang.String)&amp#27;[0m
      &amp#27;[31mjava.lang.AssertionError: expected [203] but found [500]
	at org.testng.Assert.fail(Assert.java:94)
	at org.testng.Assert.failNotEquals(Assert.java:496)
	at org.testng.Assert.assertEquals(Assert.java:125)
	at org.testng.Assert.assertEquals(Assert.java:372)
	at org.testng.Assert.assertEquals(Assert.java:382)
	at inspiredtesting.services.stepdefs.APIStepDefs.iReceiveAValidHTTPResponseCode(APIStepDefs.java:39)
	at ���.I receive a valid HTTP response code "203"(file:///Users/sibusiso87rn/IdeaProjects/automation-framework/services-framework/src/test/resources/features/Users.feature:7)
&amp#27;[0m
]]></system-out>
  </testcase>
  <testcase name="scenario" classname="inspiredtesting.services.TestRunner" time="1.105"/>
  <testcase name="scenario" classname="inspiredtesting.services.TestRunner" time="0.813"/>
</testsuite>