<?xml version="1.0" encoding="UTF-8"?>
<testng-results skipped="0" failed="0" total="0" passed="0">
  <reporter-output>
  </reporter-output>
  <suite name="Service Regression Testing" duration-ms="386" started-at="2021-07-21T19:24:34Z" finished-at="2021-07-21T19:24:34Z">
    <groups>
      <group name="cucumber scenarios">
        <method signature="TestRunner.scenario(io.cucumber.testng.PickleWrapper, io.cucumber.testng.FeatureWrapper)[pri:0, instance:inspiredtesting.services.tests.TestRunner@6ebc05a6]" name="scenario" class="inspiredtesting.services.tests.TestRunner"/>
      </group> <!-- cucumber scenarios -->
    </groups>
    <test name="Users" duration-ms="386" started-at="2021-07-21T19:24:34Z" finished-at="2021-07-21T19:24:34Z">
      <class name="inspiredtesting.services.tests.TestRunner">
        <test-method status="PASS" signature="setUpClass()[pri:0, instance:inspiredtesting.services.tests.TestRunner@6ebc05a6]" name="setUpClass" is-config="true" duration-ms="362" started-at="2021-07-21T22:24:34Z" finished-at="2021-07-21T22:24:34Z">
          <reporter-output>
          </reporter-output>
        </test-method> <!-- setUpClass -->
        <test-method status="PASS" signature="tearDownClass()[pri:0, instance:inspiredtesting.services.tests.TestRunner@6ebc05a6]" name="tearDownClass" is-config="true" duration-ms="15" started-at="2021-07-21T22:24:34Z" finished-at="2021-07-21T22:24:34Z">
          <reporter-output>
          </reporter-output>
        </test-method> <!-- tearDownClass -->
        <test-method status="PASS" signature="tearCreateReport()[pri:0, instance:inspiredtesting.services.tests.TestRunner@6ebc05a6]" name="tearCreateReport" is-config="true" duration-ms="517" started-at="2021-07-21T22:24:34Z" finished-at="2021-07-21T22:24:35Z">
          <reporter-output>
          </reporter-output>
        </test-method> <!-- tearCreateReport -->
      </class> <!-- inspiredtesting.services.tests.TestRunner -->
    </test> <!-- Users -->
  </suite> <!-- Service Regression Testing -->
</testng-results>
