<?xml version="1.0" encoding="UTF-8"?>
<!-- Generated by org.testng.reporters.JUnitXMLReporter -->
<testsuite hostname="Digitals-MBP" failures="0" tests="3" name="Users" time="5.561" errors="0" timestamp="28 Jul 2021 06:46:42 GMT">
  <testcase classname="inspiredtesting.services.tests.ServicesTestRunner" name="scenario" time="3.419"/>
  <testcase classname="inspiredtesting.services.tests.ServicesTestRunner" name="scenario" time="1.159"/>
  <testcase classname="inspiredtesting.services.tests.ServicesTestRunner" name="scenario" time="0.581"/>
</testsuite> <!-- Users -->
